Arguments: 
  C:\Program Files\nodejs\node.exe C:\Program Files (x86)\Yarn\bin\yarn.js add cors

PATH: 
  C:\Program Files\Git\mingw64\bin;C:\Program Files\Git\usr\bin;C:\Users\Christian\bin;C:\Windows\system32;C:\Windows;C:\Windows\System32\Wbem;C:\Windows\System32\WindowsPowerShell\v1.0;C:\Program Files\nodejs;C:\Program Files (x86)\Yarn\bin;C:\Program Files\Git\cmd;C:\Users\Christian\.windows-build-tools\python27;C:\Users\Christian\AppData\Local\Programs\Python\Python37-32\Scripts;C:\Users\Christian\AppData\Local\Programs\Python\Python37-32;C:\Users\Christian\AppData\Local\Programs\Microsoft VS Code\bin;C:\Program Files\JetBrains\PyCharm Community Edition 2019.1.3\bin;C:\Users\Christian\AppData\Roaming\npm;C:\Users\Christian\AppData\Local\Yarn\bin

Yarn version: 
  1.16.0

Node version: 
  10.16.0

Platform: 
  win32 x64

Trace: 
  Error: connect ETIMEDOUT 104.16.23.35:443
      at TCPConnectWrap.afterConnect [as oncomplete] (net.js:1106:14)

npm manifest: 
  {
    "name": "backend",
    "version": "0.0.0",
    "private": true,
    "scripts": {
      "start": "nodemon app.js"
    },
    "dependencies": {
      "bcrypt": "^3.0.6",
      "body-parser": "^1.19.0",
      "cookie-parser": "~1.4.4",
      "debug": "~2.6.9",
      "ejs": "~2.6.1",
      "express": "~4.16.1",
      "http-errors": "~1.6.3",
      "jsonwebtoken": "^8.5.1",
      "mongoose": "^5.6.6",
      "morgan": "~1.9.1",
      "multer": "^1.4.2",
      "sharp": "^0.22.1",
      "uuid": "^3.3.2"
    },
    "devDependencies": {
      "nodemon": "^1.19.1"
    }
  }

yarn manifest: 
  No manifest

Lockfile: 
  No lockfile
